Traceback (most recent call last):
  File "/opt/hostedtoolcache/Python/3.12.8/x64/lib/python3.12/site-packages/jupyter_cache/executors/utils.py", line 58, in single_nb_execution
    executenb(
  File "/opt/hostedtoolcache/Python/3.12.8/x64/lib/python3.12/site-packages/nbclient/client.py", line 1314, in execute
    return NotebookClient(nb=nb, resources=resources, km=km, **kwargs).execute()
           ^^^^^^^^^^^^^^^^^^^^^^^^^^^^^^^^^^^^^^^^^^^^^^^^^^^^^^^^^^^^^^^^^^^^^
  File "/opt/hostedtoolcache/Python/3.12.8/x64/lib/python3.12/site-packages/jupyter_core/utils/__init__.py", line 165, in wrapped
    return loop.run_until_complete(inner)
           ^^^^^^^^^^^^^^^^^^^^^^^^^^^^^^
  File "/opt/hostedtoolcache/Python/3.12.8/x64/lib/python3.12/asyncio/base_events.py", line 686, in run_until_complete
    return future.result()
           ^^^^^^^^^^^^^^^
  File "/opt/hostedtoolcache/Python/3.12.8/x64/lib/python3.12/site-packages/nbclient/client.py", line 709, in async_execute
    await self.async_execute_cell(
  File "/opt/hostedtoolcache/Python/3.12.8/x64/lib/python3.12/site-packages/nbclient/client.py", line 1062, in async_execute_cell
    await self._check_raise_for_error(cell, cell_index, exec_reply)
  File "/opt/hostedtoolcache/Python/3.12.8/x64/lib/python3.12/site-packages/nbclient/client.py", line 918, in _check_raise_for_error
    raise CellExecutionError.from_cell_and_msg(cell, exec_reply_content)
nbclient.exceptions.CellExecutionError: An error occurred while executing the following cell:
------------------
# noinspection PyProtectedMember
!pip install jcamp                        # command to instruct Binder/Colab to install the jcamp package
from jcamp import jcamp_read              # Importing the jcamp_read() method from the jcamp package
import matplotlib.pyplot as plt           # Importing a plotting package
import numpy as np                        # Import the numerical python package for mathematical operations
import requests
------------------

----- stdout -----
Collecting jcamp
----- stdout -----
  Downloading jcamp-1.2.2.tar.gz (10 kB)
----- stdout -----
  Preparing metadata (setup.py) ... [?25l-
----- stdout -----
 done
----- stdout -----
[?25hCollecting numpy (from jcamp)
  Downloading numpy-2.2.1-cp312-cp312-manylinux_2_17_x86_64.manylinux2014_x86_64.whl.metadata (62 kB)
----- stdout -----
Collecting datetime (from jcamp)
  Downloading DateTime-5.5-py3-none-any.whl.metadata (33 kB)
----- stdout -----
Collecting zope.interface (from datetime->jcamp)
  Downloading zope.interface-7.2-cp312-cp312-manylinux_2_5_x86_64.manylinux1_x86_64.manylinux_2_17_x86_64.manylinux2014_x86_64.whl.metadata (44 kB)
----- stdout -----
Collecting pytz (from datetime->jcamp)
----- stdout -----
  Downloading pytz-2024.2-py2.py3-none-any.whl.metadata (22 kB)
Requirement already satisfied: setuptools in /opt/hostedtoolcache/Python/3.12.8/x64/lib/python3.12/site-packages (from zope.interface->datetime->jcamp) (70.3.0)
Downloading DateTime-5.5-py3-none-any.whl (52 kB)
----- stdout -----
Downloading numpy-2.2.1-cp312-cp312-manylinux_2_17_x86_64.manylinux2014_x86_64.whl (16.1 MB)
[?25l   [90mâ”â”â”â”â”â”â”â”â”â”â”â”â”â”â”â”â”â”â”â”â”â”â”â”â”â”â”â”â”â”â”â”â”â”â”â”â”â”â”â”[0m [32m0.0/16.1 MB[0m [31m?[0m eta [36m-:--:--[0m
----- stdout -----
[2K   [90mâ”â”â”â”â”â”â”â”â”â”â”â”â”â”â”â”â”â”â”â”â”â”â”â”â”â”â”â”â”â”â”â”â”â”â”â”â”â”â”â”[0m [32m16.1/16.1 MB[0m [31m146.6 MB/s[0m eta [36m0:00:00[0m
[?25hDownloading pytz-2024.2-py2.py3-none-any.whl (508 kB)
----- stdout -----
Downloading zope.interface-7.2-cp312-cp312-manylinux_2_5_x86_64.manylinux1_x86_64.manylinux_2_17_x86_64.manylinux2014_x86_64.whl (264 kB)
Building wheels for collected packages: jcamp
----- stdout -----
  Building wheel for jcamp (setup.py) ... [?25l-
----- stdout -----
 done
[?25h  Created wheel for jcamp: filename=jcamp-1.2.2-py2.py3-none-any.whl size=10651 sha256=df411c1136c3f24de674965ac45e1cf1800a8e9a0b47f8881ab138b757fd18fe
  Stored in directory: /home/runner/.cache/pip/wheels/6a/d1/9f/9599e61ea4096b380977b3e343d144d1705615c3608f9c034d
Successfully built jcamp
----- stdout -----
Installing collected packages: pytz, zope.interface, numpy, datetime, jcamp
----- stdout -----
Successfully installed datetime-5.5 jcamp-1.2.2 numpy-2.2.1 pytz-2024.2 zope.interface-7.2
------------------

[0;31m---------------------------------------------------------------------------[0m
[0;31mModuleNotFoundError[0m                       Traceback (most recent call last)
Cell [0;32mIn[1], line 4[0m
[1;32m      2[0m get_ipython()[38;5;241m.[39msystem([38;5;124m'[39m[38;5;124mpip install jcamp                        # command to instruct Binder/Colab to install the jcamp package[39m[38;5;124m'[39m)
[1;32m      3[0m [38;5;28;01mfrom[39;00m [38;5;21;01mjcamp[39;00m [38;5;28;01mimport[39;00m jcamp_read              [38;5;66;03m# Importing the jcamp_read() method from the jcamp package[39;00m
[0;32m----> 4[0m [38;5;28;01mimport[39;00m [38;5;21;01mmatplotlib[39;00m[38;5;21;01m.[39;00m[38;5;21;01mpyplot[39;00m [38;5;28;01mas[39;00m [38;5;21;01mplt[39;00m           [38;5;66;03m# Importing a plotting package[39;00m
[1;32m      5[0m [38;5;28;01mimport[39;00m [38;5;21;01mnumpy[39;00m [38;5;28;01mas[39;00m [38;5;21;01mnp[39;00m                        [38;5;66;03m# Import the numerical python package for mathematical operations[39;00m
[1;32m      6[0m [38;5;28;01mimport[39;00m [38;5;21;01mrequests[39;00m

[0;31mModuleNotFoundError[0m: No module named 'matplotlib'

